{"/home/st_yudi/personal-github-repository/learning-programming-language/vite/basic-vitest/source/say-hello.ts": {"path":"/home/st_yudi/personal-github-repository/learning-programming-language/vite/basic-vitest/source/say-hello.ts","statementMap":{"0":{"start":{"line":2,"column":4},"end":{"line":2,"column":null}}},"fnMap":{"0":{"name":"sayHello","decl":{"start":{"line":1,"column":16},"end":{"line":1,"column":25}},"loc":{"start":{"line":1,"column":47},"end":{"line":3,"column":null}}}},"branchMap":{},"s":{"0":1},"f":{"0":1},"b":{}}
}
